<?xml version="1.0" encoding="UTF-8" standalone="no"?><testsuite errors="0" failures="0" name="lab5.features.search.SearchByKeywordStory" skipped="0" tests="6" time="45.75" timestamp="2022-05-19 11:18:37"><testcase classname="lab5.features.search.SearchByKeywordStory" name="Test login failed"/><testcase classname="lab5.features.search.SearchByKeywordStory" name="Search existing book"/><testcase classname="lab5.features.search.SearchByKeywordStory" name="Test change password successful"/><testcase classname="lab5.features.search.SearchByKeywordStory" name="Test change password failed"/><testcase classname="lab5.features.search.SearchByKeywordStory" name="Search inexisting book"/><testcase classname="lab5.features.search.SearchByKeywordStory" name="Test login successful"/></testsuite>